<?xml version="1.0" encoding="UTF-8"?>
<!-- Generated by org.testng.reporters.JUnitReportReporter -->
<testsuite hostname="DESKTOP-11PQ5SG" name="sampleTestNG" tests="1" failures="0" timestamp="1 Aug 2016 10:49:58 GMT" time="0.027" errors="0">
  <testcase name="method" time="0.027" classname="sampleTestNG"/>
</testsuite> <!-- sampleTestNG -->
